This file contains any messages produced by compilers while
running configure, to aid debugging if configure makes a mistake.

It was created by ctemplate configure 0.8, which was
generated by GNU Autoconf 2.59.  Invocation command line was

  $ ./configure --prefix=/home/johnsonzhu/local/ctemplate.0.88

## --------- ##
## Platform. ##
## --------- ##

hostname = ISD_222_47_sles10_64
uname -m = x86_64
uname -r = 2.6.16.60-0.21-TENCENT64-domU-101130
uname -s = Linux
uname -v = #7 SMP Tue Nov 30 07:19:57 CST 2010

/usr/bin/uname -p = unknown
/bin/uname -X     = unknown

/bin/arch              = x86_64
/usr/bin/arch -k       = unknown
/usr/convex/getsysinfo = unknown
hostinfo               = unknown
/bin/machine           = unknown
/usr/bin/oslevel       = unknown
/bin/universe          = unknown

PATH: /home/johnsonzhu/local/bin
PATH: /home/mikeliang/local/autoconf-2.13/bin
PATH: /usr/local/bin
PATH: /usr/bin
PATH: /usr/X11R6/bin
PATH: /bin
PATH: /usr/games
PATH: /opt/gnome/bin
PATH: /usr/lib/mit/bin
PATH: /usr/lib/mit/sbin
PATH: /usr/local/mysql/bin
PATH: /usr/java/default/bin
PATH: /home/mikeliang/local/bin
PATH: /home/mikeliang/local/php/bin
PATH: /home/mikeliang/local/erlang/bin
PATH: /home/arinnaxie/env/PLClient/tdwpl/bin/PLClient


## ----------- ##
## Core tests. ##
## ----------- ##

configure:1558: checking for a BSD-compatible install
configure:1613: result: /usr/bin/install -c
configure:1624: checking whether build environment is sane
configure:1667: result: yes
configure:1732: checking for gawk
configure:1748: found /usr/bin/gawk
configure:1758: result: gawk
configure:1768: checking whether make sets $(MAKE)
configure:1788: result: yes
configure:2006: checking for gcc
configure:2022: found /usr/bin/gcc
configure:2032: result: gcc
configure:2276: checking for C compiler version
configure:2279: gcc --version </dev/null >&5
gcc (GCC) 4.1.2 20070115 (prerelease) (SUSE Linux)
Copyright (C) 2006 Free Software Foundation, Inc.
This is free software; see the source for copying conditions.  There is NO
warranty; not even for MERCHANTABILITY or FITNESS FOR A PARTICULAR PURPOSE.

configure:2282: $? = 0
configure:2284: gcc -v </dev/null >&5
Using built-in specs.
Target: x86_64-suse-linux
Configured with: ../configure --enable-threads=posix --prefix=/usr --with-local-prefix=/usr/local --infodir=/usr/share/info --mandir=/usr/share/man --libdir=/usr/lib64 --libexecdir=/usr/lib64 --enable-languages=c,c++,objc,fortran,obj-c++,java,ada --enable-checking=release --with-gxx-include-dir=/usr/include/c++/4.1.2 --enable-ssp --disable-libssp --disable-libgcj --with-slibdir=/lib64 --with-system-zlib --enable-shared --enable-__cxa_atexit --enable-libstdcxx-allocator=new --program-suffix= --enable-version-specific-runtime-libs --without-system-libunwind --with-cpu=generic --host=x86_64-suse-linux
Thread model: posix
gcc version 4.1.2 20070115 (prerelease) (SUSE Linux)
configure:2287: $? = 0
configure:2289: gcc -V </dev/null >&5
gcc: '-V' option must have argument
configure:2292: $? = 1
configure:2315: checking for C compiler default output file name
configure:2318: gcc    conftest.c  >&5
configure:2321: $? = 0
configure:2367: result: a.out
configure:2372: checking whether the C compiler works
configure:2378: ./a.out
configure:2381: $? = 0
configure:2398: result: yes
configure:2405: checking whether we are cross compiling
configure:2407: result: no
configure:2410: checking for suffix of executables
configure:2412: gcc -o conftest    conftest.c  >&5
configure:2415: $? = 0
configure:2440: result: 
configure:2446: checking for suffix of object files
configure:2467: gcc -c   conftest.c >&5
configure:2470: $? = 0
configure:2492: result: o
configure:2496: checking whether we are using the GNU C compiler
configure:2520: gcc -c   conftest.c >&5
configure:2526: $? = 0
configure:2530: test -z 
			 || test ! -s conftest.err
configure:2533: $? = 0
configure:2536: test -s conftest.o
configure:2539: $? = 0
configure:2552: result: yes
configure:2558: checking whether gcc accepts -g
configure:2579: gcc -c -g  conftest.c >&5
configure:2585: $? = 0
configure:2589: test -z 
			 || test ! -s conftest.err
configure:2592: $? = 0
configure:2595: test -s conftest.o
configure:2598: $? = 0
configure:2609: result: yes
configure:2626: checking for gcc option to accept ANSI C
configure:2696: gcc  -c -g -O2  conftest.c >&5
configure:2702: $? = 0
configure:2706: test -z 
			 || test ! -s conftest.err
configure:2709: $? = 0
configure:2712: test -s conftest.o
configure:2715: $? = 0
configure:2733: result: none needed
configure:2751: gcc -c -g -O2  conftest.c >&5
conftest.c:2: error: expected '=', ',', ';', 'asm' or '__attribute__' before 'me'
configure:2757: $? = 1
configure: failed program was:
| #ifndef __cplusplus
|   choke me
| #endif
configure:2901: checking for style of include used by make
configure:2929: result: GNU
configure:2957: checking dependency style of gcc
configure:3047: result: gcc3
configure:3069: checking how to run the C preprocessor
configure:3104: gcc -E  conftest.c
configure:3110: $? = 0
configure:3142: gcc -E  conftest.c
conftest.c:11:28: error: ac_nonexistent.h: No such file or directory
configure:3148: $? = 1
configure: failed program was:
| /* confdefs.h.  */
| 
| #define PACKAGE_NAME "ctemplate"
| #define PACKAGE_TARNAME "ctemplate"
| #define PACKAGE_VERSION "0.8"
| #define PACKAGE_STRING "ctemplate 0.8"
| #define PACKAGE_BUGREPORT "opensource@google.com"
| #define PACKAGE "ctemplate"
| #define VERSION "0.8"
| /* end confdefs.h.  */
| #include <ac_nonexistent.h>
configure:3187: result: gcc -E
configure:3211: gcc -E  conftest.c
configure:3217: $? = 0
configure:3249: gcc -E  conftest.c
conftest.c:11:28: error: ac_nonexistent.h: No such file or directory
configure:3255: $? = 1
configure: failed program was:
| /* confdefs.h.  */
| 
| #define PACKAGE_NAME "ctemplate"
| #define PACKAGE_TARNAME "ctemplate"
| #define PACKAGE_VERSION "0.8"
| #define PACKAGE_STRING "ctemplate 0.8"
| #define PACKAGE_BUGREPORT "opensource@google.com"
| #define PACKAGE "ctemplate"
| #define VERSION "0.8"
| /* end confdefs.h.  */
| #include <ac_nonexistent.h>
configure:3350: checking for g++
configure:3366: found /usr/bin/g++
configure:3376: result: g++
configure:3392: checking for C++ compiler version
configure:3395: g++ --version </dev/null >&5
g++ (GCC) 4.1.2 20070115 (prerelease) (SUSE Linux)
Copyright (C) 2006 Free Software Foundation, Inc.
This is free software; see the source for copying conditions.  There is NO
warranty; not even for MERCHANTABILITY or FITNESS FOR A PARTICULAR PURPOSE.

configure:3398: $? = 0
configure:3400: g++ -v </dev/null >&5
Using built-in specs.
Target: x86_64-suse-linux
Configured with: ../configure --enable-threads=posix --prefix=/usr --with-local-prefix=/usr/local --infodir=/usr/share/info --mandir=/usr/share/man --libdir=/usr/lib64 --libexecdir=/usr/lib64 --enable-languages=c,c++,objc,fortran,obj-c++,java,ada --enable-checking=release --with-gxx-include-dir=/usr/include/c++/4.1.2 --enable-ssp --disable-libssp --disable-libgcj --with-slibdir=/lib64 --with-system-zlib --enable-shared --enable-__cxa_atexit --enable-libstdcxx-allocator=new --program-suffix= --enable-version-specific-runtime-libs --without-system-libunwind --with-cpu=generic --host=x86_64-suse-linux
Thread model: posix
gcc version 4.1.2 20070115 (prerelease) (SUSE Linux)
configure:3403: $? = 0
configure:3405: g++ -V </dev/null >&5
g++: '-V' option must have argument
configure:3408: $? = 1
configure:3411: checking whether we are using the GNU C++ compiler
configure:3435: g++ -c   conftest.cc >&5
configure:3441: $? = 0
configure:3445: test -z 
			 || test ! -s conftest.err
configure:3448: $? = 0
configure:3451: test -s conftest.o
configure:3454: $? = 0
configure:3467: result: yes
configure:3473: checking whether g++ accepts -g
configure:3494: g++ -c -g  conftest.cc >&5
configure:3500: $? = 0
configure:3504: test -z 
			 || test ! -s conftest.err
configure:3507: $? = 0
configure:3510: test -s conftest.o
configure:3513: $? = 0
configure:3524: result: yes
configure:3566: g++ -c -g -O2  conftest.cc >&5
configure:3572: $? = 0
configure:3576: test -z 
			 || test ! -s conftest.err
configure:3579: $? = 0
configure:3582: test -s conftest.o
configure:3585: $? = 0
configure:3611: g++ -c -g -O2  conftest.cc >&5
conftest.cc: In function 'int main()':
conftest.cc:15: error: 'exit' was not declared in this scope
configure:3617: $? = 1
configure: failed program was:
| /* confdefs.h.  */
| 
| #define PACKAGE_NAME "ctemplate"
| #define PACKAGE_TARNAME "ctemplate"
| #define PACKAGE_VERSION "0.8"
| #define PACKAGE_STRING "ctemplate 0.8"
| #define PACKAGE_BUGREPORT "opensource@google.com"
| #define PACKAGE "ctemplate"
| #define VERSION "0.8"
| /* end confdefs.h.  */
| 
| int
| main ()
| {
| exit (42);
|   ;
|   return 0;
| }
configure:3566: g++ -c -g -O2  conftest.cc >&5
configure:3572: $? = 0
configure:3576: test -z 
			 || test ! -s conftest.err
configure:3579: $? = 0
configure:3582: test -s conftest.o
configure:3585: $? = 0
configure:3611: g++ -c -g -O2  conftest.cc >&5
configure:3617: $? = 0
configure:3621: test -z 
			 || test ! -s conftest.err
configure:3624: $? = 0
configure:3627: test -s conftest.o
configure:3630: $? = 0
configure:3655: checking dependency style of g++
configure:3745: result: gcc3
configure:3852: checking build system type
configure:3870: result: x86_64-unknown-linux-gnu
configure:3878: checking host system type
configure:3892: result: x86_64-unknown-linux-gnu
configure:3900: checking for a sed that does not truncate output
configure:3954: result: /usr/bin/sed
configure:3957: checking for egrep
configure:3967: result: grep -E
configure:3983: checking for ld used by gcc
configure:4050: result: /usr/x86_64-suse-linux/bin/ld
configure:4059: checking if the linker (/usr/x86_64-suse-linux/bin/ld) is GNU ld
configure:4074: result: yes
configure:4079: checking for /usr/x86_64-suse-linux/bin/ld option to reload object files
configure:4086: result: -r
configure:4104: checking for BSD-compatible nm
configure:4153: result: /usr/bin/nm -B
configure:4157: checking whether ln -s works
configure:4161: result: yes
configure:4168: checking how to recognise dependent libraries
configure:4344: result: pass_all
configure:4432: gcc -c -g -O2  conftest.c >&5
configure:4435: $? = 0
configure:4577: checking for ANSI C header files
configure:4602: gcc -c -g -O2  conftest.c >&5
configure:4608: $? = 0
configure:4612: test -z 
			 || test ! -s conftest.err
configure:4615: $? = 0
configure:4618: test -s conftest.o
configure:4621: $? = 0
configure:4710: gcc -o conftest -g -O2   conftest.c  >&5
conftest.c: In function 'main':
conftest.c:31: warning: incompatible implicit declaration of built-in function 'exit'
configure:4713: $? = 0
configure:4715: ./conftest
configure:4718: $? = 0
configure:4733: result: yes
configure:4757: checking for sys/types.h
configure:4773: gcc -c -g -O2  conftest.c >&5
configure:4779: $? = 0
configure:4783: test -z 
			 || test ! -s conftest.err
configure:4786: $? = 0
configure:4789: test -s conftest.o
configure:4792: $? = 0
configure:4803: result: yes
configure:4757: checking for sys/stat.h
configure:4773: gcc -c -g -O2  conftest.c >&5
configure:4779: $? = 0
configure:4783: test -z 
			 || test ! -s conftest.err
configure:4786: $? = 0
configure:4789: test -s conftest.o
configure:4792: $? = 0
configure:4803: result: yes
configure:4757: checking for stdlib.h
configure:4773: gcc -c -g -O2  conftest.c >&5
configure:4779: $? = 0
configure:4783: test -z 
			 || test ! -s conftest.err
configure:4786: $? = 0
configure:4789: test -s conftest.o
configure:4792: $? = 0
configure:4803: result: yes
configure:4757: checking for string.h
configure:4773: gcc -c -g -O2  conftest.c >&5
configure:4779: $? = 0
configure:4783: test -z 
			 || test ! -s conftest.err
configure:4786: $? = 0
configure:4789: test -s conftest.o
configure:4792: $? = 0
configure:4803: result: yes
configure:4757: checking for memory.h
configure:4773: gcc -c -g -O2  conftest.c >&5
configure:4779: $? = 0
configure:4783: test -z 
			 || test ! -s conftest.err
configure:4786: $? = 0
configure:4789: test -s conftest.o
configure:4792: $? = 0
configure:4803: result: yes
configure:4757: checking for strings.h
configure:4773: gcc -c -g -O2  conftest.c >&5
configure:4779: $? = 0
configure:4783: test -z 
			 || test ! -s conftest.err
configure:4786: $? = 0
configure:4789: test -s conftest.o
configure:4792: $? = 0
configure:4803: result: yes
configure:4757: checking for inttypes.h
configure:4773: gcc -c -g -O2  conftest.c >&5
configure:4779: $? = 0
configure:4783: test -z 
			 || test ! -s conftest.err
configure:4786: $? = 0
configure:4789: test -s conftest.o
configure:4792: $? = 0
configure:4803: result: yes
configure:4757: checking for stdint.h
configure:4773: gcc -c -g -O2  conftest.c >&5
configure:4779: $? = 0
configure:4783: test -z 
			 || test ! -s conftest.err
configure:4786: $? = 0
configure:4789: test -s conftest.o
configure:4792: $? = 0
configure:4803: result: yes
configure:4757: checking for unistd.h
configure:4773: gcc -c -g -O2  conftest.c >&5
configure:4779: $? = 0
configure:4783: test -z 
			 || test ! -s conftest.err
configure:4786: $? = 0
configure:4789: test -s conftest.o
configure:4792: $? = 0
configure:4803: result: yes
configure:4829: checking dlfcn.h usability
configure:4841: gcc -c -g -O2  conftest.c >&5
configure:4847: $? = 0
configure:4851: test -z 
			 || test ! -s conftest.err
configure:4854: $? = 0
configure:4857: test -s conftest.o
configure:4860: $? = 0
configure:4870: result: yes
configure:4874: checking dlfcn.h presence
configure:4884: gcc -E  conftest.c
configure:4890: $? = 0
configure:4910: result: yes
configure:4945: checking for dlfcn.h
configure:4952: result: yes
configure:4975: checking how to run the C++ preprocessor
configure:5006: g++ -E  conftest.cc
configure:5012: $? = 0
configure:5044: g++ -E  conftest.cc
conftest.cc:25:28: error: ac_nonexistent.h: No such file or directory
configure:5050: $? = 1
configure: failed program was:
| /* confdefs.h.  */
| 
| #define PACKAGE_NAME "ctemplate"
| #define PACKAGE_TARNAME "ctemplate"
| #define PACKAGE_VERSION "0.8"
| #define PACKAGE_STRING "ctemplate 0.8"
| #define PACKAGE_BUGREPORT "opensource@google.com"
| #define PACKAGE "ctemplate"
| #define VERSION "0.8"
| #ifdef __cplusplus
| extern "C" void std::exit (int) throw (); using std::exit;
| #endif
| #define STDC_HEADERS 1
| #define HAVE_SYS_TYPES_H 1
| #define HAVE_SYS_STAT_H 1
| #define HAVE_STDLIB_H 1
| #define HAVE_STRING_H 1
| #define HAVE_MEMORY_H 1
| #define HAVE_STRINGS_H 1
| #define HAVE_INTTYPES_H 1
| #define HAVE_STDINT_H 1
| #define HAVE_UNISTD_H 1
| #define HAVE_DLFCN_H 1
| /* end confdefs.h.  */
| #include <ac_nonexistent.h>
configure:5089: result: g++ -E
configure:5113: g++ -E  conftest.cc
configure:5119: $? = 0
configure:5151: g++ -E  conftest.cc
conftest.cc:25:28: error: ac_nonexistent.h: No such file or directory
configure:5157: $? = 1
configure: failed program was:
| /* confdefs.h.  */
| 
| #define PACKAGE_NAME "ctemplate"
| #define PACKAGE_TARNAME "ctemplate"
| #define PACKAGE_VERSION "0.8"
| #define PACKAGE_STRING "ctemplate 0.8"
| #define PACKAGE_BUGREPORT "opensource@google.com"
| #define PACKAGE "ctemplate"
| #define VERSION "0.8"
| #ifdef __cplusplus
| extern "C" void std::exit (int) throw (); using std::exit;
| #endif
| #define STDC_HEADERS 1
| #define HAVE_SYS_TYPES_H 1
| #define HAVE_SYS_STAT_H 1
| #define HAVE_STDLIB_H 1
| #define HAVE_STRING_H 1
| #define HAVE_MEMORY_H 1
| #define HAVE_STRINGS_H 1
| #define HAVE_INTTYPES_H 1
| #define HAVE_STDINT_H 1
| #define HAVE_UNISTD_H 1
| #define HAVE_DLFCN_H 1
| /* end confdefs.h.  */
| #include <ac_nonexistent.h>
configure:5254: checking for g77
configure:5283: result: no
configure:5254: checking for f77
configure:5283: result: no
configure:5254: checking for xlf
configure:5283: result: no
configure:5254: checking for frt
configure:5283: result: no
configure:5254: checking for pgf77
configure:5283: result: no
configure:5254: checking for fort77
configure:5283: result: no
configure:5254: checking for fl32
configure:5283: result: no
configure:5254: checking for af77
configure:5283: result: no
configure:5254: checking for f90
configure:5283: result: no
configure:5254: checking for xlf90
configure:5283: result: no
configure:5254: checking for pgf90
configure:5283: result: no
configure:5254: checking for epcf90
configure:5283: result: no
configure:5254: checking for f95
configure:5283: result: no
configure:5254: checking for fort
configure:5283: result: no
configure:5254: checking for xlf95
configure:5283: result: no
configure:5254: checking for ifc
configure:5283: result: no
configure:5254: checking for efc
configure:5283: result: no
configure:5254: checking for pgf95
configure:5283: result: no
configure:5254: checking for lf95
configure:5283: result: no
configure:5254: checking for gfortran
configure:5270: found /usr/bin/gfortran
configure:5280: result: gfortran
configure:5295: checking for Fortran 77 compiler version
configure:5298: gfortran --version </dev/null >&5
GNU Fortran 95 (GCC) 4.1.2 20070115 (prerelease) (SUSE Linux)
Copyright (C) 2006 Free Software Foundation, Inc.

GNU Fortran comes with NO WARRANTY, to the extent permitted by law.
You may redistribute copies of GNU Fortran
under the terms of the GNU General Public License.
For more information about these matters, see the file named COPYING

configure:5301: $? = 0
configure:5303: gfortran -v </dev/null >&5
Using built-in specs.
Target: x86_64-suse-linux
Configured with: ../configure --enable-threads=posix --prefix=/usr --with-local-prefix=/usr/local --infodir=/usr/share/info --mandir=/usr/share/man --libdir=/usr/lib64 --libexecdir=/usr/lib64 --enable-languages=c,c++,objc,fortran,obj-c++,java,ada --enable-checking=release --with-gxx-include-dir=/usr/include/c++/4.1.2 --enable-ssp --disable-libssp --disable-libgcj --with-slibdir=/lib64 --with-system-zlib --enable-shared --enable-__cxa_atexit --enable-libstdcxx-allocator=new --program-suffix= --enable-version-specific-runtime-libs --without-system-libunwind --with-cpu=generic --host=x86_64-suse-linux
Thread model: posix
gcc version 4.1.2 20070115 (prerelease) (SUSE Linux)
configure:5306: $? = 0
configure:5308: gfortran -V </dev/null >&5
gfortran: '-V' option must have argument
configure:5311: $? = 1
configure:5319: checking whether we are using the GNU Fortran 77 compiler
configure:5333: gfortran -c  conftest.F >&5
configure:5339: $? = 0
configure:5343: test -z 
			 || test ! -s conftest.err
configure:5346: $? = 0
configure:5349: test -s conftest.o
configure:5352: $? = 0
configure:5365: result: yes
configure:5371: checking whether gfortran accepts -g
configure:5383: gfortran -c -g conftest.f >&5
configure:5389: $? = 0
configure:5393: test -z 
			 || test ! -s conftest.err
configure:5396: $? = 0
configure:5399: test -s conftest.o
configure:5402: $? = 0
configure:5414: result: yes
configure:5444: checking the maximum length of command line arguments
configure:5553: result: 32768
configure:5564: checking command to parse /usr/bin/nm -B output from gcc object
configure:5669: gcc -c -g -O2  conftest.c >&5
configure:5672: $? = 0
configure:5676: /usr/bin/nm -B conftest.o \| sed -n -e 's/^.*[ 	]\([ABCDGIRSTW][ABCDGIRSTW]*\)[ 	][ 	]*\([_A-Za-z][_A-Za-z0-9]*\)$/\1 \2 \2/p' \> conftest.nm
configure:5679: $? = 0
configure:5731: gcc -o conftest -g -O2   conftest.c conftstm.o >&5
configure:5734: $? = 0
configure:5772: result: ok
configure:5776: checking for objdir
configure:5791: result: .libs
configure:5881: checking for ar
configure:5897: found /usr/bin/ar
configure:5908: result: ar
configure:5961: checking for ranlib
configure:5977: found /usr/bin/ranlib
configure:5988: result: ranlib
configure:6041: checking for strip
configure:6057: found /usr/bin/strip
configure:6068: result: strip
configure:6340: checking if gcc supports -fno-rtti -fno-exceptions
configure:6358: gcc -c -g -O2  -fno-rtti -fno-exceptions conftest.c >&5
cc1: warning: command line option "-fno-rtti" is valid for C++/ObjC++ but not for C
configure:6362: $? = 0
configure:6375: result: no
configure:6390: checking for gcc option to produce PIC
configure:6600: result: -fPIC
configure:6608: checking if gcc PIC flag -fPIC works
configure:6626: gcc -c -g -O2  -fPIC -DPIC conftest.c >&5
configure:6630: $? = 0
configure:6643: result: yes
configure:6671: checking if gcc static flag -static works
configure:6699: result: yes
configure:6709: checking if gcc supports -c -o file.o
configure:6730: gcc -c -g -O2  -o out/conftest2.o conftest.c >&5
configure:6734: $? = 0
configure:6756: result: yes
configure:6782: checking whether the gcc linker (/usr/x86_64-suse-linux/bin/ld -m elf_x86_64) supports shared libraries
configure:7740: result: yes
configure:7761: checking whether -lc should be explicitly linked in
configure:7766: gcc -c -g -O2  conftest.c >&5
configure:7769: $? = 0
configure:7784: gcc -shared conftest.o  -v -Wl,-soname -Wl,conftest -o conftest 2\>\&1 \| grep  -lc  \>/dev/null 2\>\&1
configure:7787: $? = 0
configure:7799: result: no
configure:7807: checking dynamic linker characteristics
configure:8395: result: GNU/Linux ld.so
configure:8404: checking how to hardcode library paths into programs
configure:8429: result: immediate
configure:8443: checking whether stripping libraries is possible
configure:8448: result: yes
configure:9282: checking if libtool supports shared libraries
configure:9284: result: yes
configure:9287: checking whether to build shared libraries
configure:9308: result: yes
configure:9311: checking whether to build static libraries
configure:9315: result: yes
configure:9407: creating libtool
configure:9995: checking for ld used by g++
configure:10062: result: /usr/x86_64-suse-linux/bin/ld -m elf_x86_64
configure:10071: checking if the linker (/usr/x86_64-suse-linux/bin/ld -m elf_x86_64) is GNU ld
configure:10086: result: yes
configure:10137: checking whether the g++ linker (/usr/x86_64-suse-linux/bin/ld -m elf_x86_64) supports shared libraries
configure:11075: result: yes
configure:11093: g++ -c -g -O2  conftest.cpp >&5
configure:11096: $? = 0
configure:11215: checking for g++ option to produce PIC
configure:11489: result: -fPIC
configure:11497: checking if g++ PIC flag -fPIC works
configure:11515: g++ -c -g -O2  -fPIC -DPIC conftest.cpp >&5
configure:11519: $? = 0
configure:11532: result: yes
configure:11560: checking if g++ static flag -static works
configure:11588: result: yes
configure:11598: checking if g++ supports -c -o file.o
configure:11619: g++ -c -g -O2  -o out/conftest2.o conftest.cpp >&5
configure:11623: $? = 0
configure:11645: result: yes
configure:11671: checking whether the g++ linker (/usr/x86_64-suse-linux/bin/ld -m elf_x86_64) supports shared libraries
configure:11696: result: yes
configure:11763: checking dynamic linker characteristics
configure:12351: result: GNU/Linux ld.so
configure:12360: checking how to hardcode library paths into programs
configure:12385: result: immediate
configure:12911: checking if libtool supports shared libraries
configure:12913: result: yes
configure:12916: checking whether to build shared libraries
configure:12936: result: yes
configure:12939: checking whether to build static libraries
configure:12943: result: yes
configure:12953: checking for gfortran option to produce PIC
configure:13163: result: -fPIC
configure:13171: checking if gfortran PIC flag -fPIC works
configure:13189: gfortran -c -g -O2 -fPIC conftest.f >&5
configure:13193: $? = 0
configure:13206: result: yes
configure:13234: checking if gfortran static flag -static works
configure:13262: result: yes
configure:13272: checking if gfortran supports -c -o file.o
configure:13293: gfortran -c -g -O2 -o out/conftest2.o conftest.f >&5
configure:13297: $? = 0
configure:13319: result: yes
configure:13345: checking whether the gfortran linker (/usr/x86_64-suse-linux/bin/ld -m elf_x86_64) supports shared libraries
configure:14283: result: yes
configure:14350: checking dynamic linker characteristics
configure:14938: result: GNU/Linux ld.so
configure:14947: checking how to hardcode library paths into programs
configure:14972: result: immediate
configure:18538: checking for __attribute__
configure:18562: gcc -c -g -O2  conftest.c >&5
configure:18568: $? = 0
configure:18572: test -z 
			 || test ! -s conftest.err
configure:18575: $? = 0
configure:18578: test -s conftest.o
configure:18581: $? = 0
configure:18601: result: yes
configure:18606: checking for ANSI C header files
configure:18762: result: yes
configure:18774: checking printf format code for printing a size_t and ssize_t
configure:18795: gcc -c -g -O2  conftest.c >&5
conftest.c: In function 'main':
conftest.c:31: error: invalid operands to binary -
configure:18801: $? = 1
configure: failed program was:
| /* confdefs.h.  */
| 
| #define PACKAGE_NAME "ctemplate"
| #define PACKAGE_TARNAME "ctemplate"
| #define PACKAGE_VERSION "0.8"
| #define PACKAGE_STRING "ctemplate 0.8"
| #define PACKAGE_BUGREPORT "opensource@google.com"
| #define PACKAGE "ctemplate"
| #define VERSION "0.8"
| #ifdef __cplusplus
| extern "C" void std::exit (int) throw (); using std::exit;
| #endif
| #define STDC_HEADERS 1
| #define HAVE_SYS_TYPES_H 1
| #define HAVE_SYS_STAT_H 1
| #define HAVE_STDLIB_H 1
| #define HAVE_STRING_H 1
| #define HAVE_MEMORY_H 1
| #define HAVE_STRINGS_H 1
| #define HAVE_INTTYPES_H 1
| #define HAVE_STDINT_H 1
| #define HAVE_UNISTD_H 1
| #define HAVE_DLFCN_H 1
| #define HAVE___ATTRIBUTE__ 1
| #define STDC_HEADERS 1
| /* end confdefs.h.  */
| #include <stddef.h>
| int
| main ()
| {
| unsigned int v1 = 0; size_t v2 = 0; return (&v1 - &v2)
|   ;
|   return 0;
| }
configure:18839: gcc -c -g -O2  conftest.c >&5
configure:18845: $? = 0
configure:18849: test -z 
			 || test ! -s conftest.err
configure:18852: $? = 0
configure:18855: test -s conftest.o
configure:18858: $? = 0
configure:18883: gcc -c -g -O2  conftest.c >&5
conftest.c: In function 'main':
conftest.c:31: error: invalid operands to binary -
configure:18889: $? = 1
configure: failed program was:
| /* confdefs.h.  */
| 
| #define PACKAGE_NAME "ctemplate"
| #define PACKAGE_TARNAME "ctemplate"
| #define PACKAGE_VERSION "0.8"
| #define PACKAGE_STRING "ctemplate 0.8"
| #define PACKAGE_BUGREPORT "opensource@google.com"
| #define PACKAGE "ctemplate"
| #define VERSION "0.8"
| #ifdef __cplusplus
| extern "C" void std::exit (int) throw (); using std::exit;
| #endif
| #define STDC_HEADERS 1
| #define HAVE_SYS_TYPES_H 1
| #define HAVE_SYS_STAT_H 1
| #define HAVE_STDLIB_H 1
| #define HAVE_STRING_H 1
| #define HAVE_MEMORY_H 1
| #define HAVE_STRINGS_H 1
| #define HAVE_INTTYPES_H 1
| #define HAVE_STDINT_H 1
| #define HAVE_UNISTD_H 1
| #define HAVE_DLFCN_H 1
| #define HAVE___ATTRIBUTE__ 1
| #define STDC_HEADERS 1
| /* end confdefs.h.  */
| #include <stddef.h>
| int
| main ()
| {
| unsigned long long v1 = 0; size_t v2 = 0; return (&v1 - &v2)
|   ;
|   return 0;
| }
configure:18913: result: l
configure:18940: checking for getopt_long
configure:18997: gcc -o conftest -g -O2   conftest.c  >&5
configure:19003: $? = 0
configure:19007: test -z 
			 || test ! -s conftest.err
configure:19010: $? = 0
configure:19013: test -s conftest
configure:19016: $? = 0
configure:19028: result: yes
configure:19039: checking for u_int16_t
configure:19063: gcc -c -g -O2  conftest.c >&5
configure:19069: $? = 0
configure:19073: test -z 
			 || test ! -s conftest.err
configure:19076: $? = 0
configure:19079: test -s conftest.o
configure:19082: $? = 0
configure:19093: result: yes
configure:19104: checking for __uint16
configure:19128: gcc -c -g -O2  conftest.c >&5
conftest.c: In function 'main':
conftest.c:69: error: '__uint16' undeclared (first use in this function)
conftest.c:69: error: (Each undeclared identifier is reported only once
conftest.c:69: error: for each function it appears in.)
conftest.c:69: error: expected expression before ')' token
configure:19134: $? = 1
configure: failed program was:
| /* confdefs.h.  */
| 
| #define PACKAGE_NAME "ctemplate"
| #define PACKAGE_TARNAME "ctemplate"
| #define PACKAGE_VERSION "0.8"
| #define PACKAGE_STRING "ctemplate 0.8"
| #define PACKAGE_BUGREPORT "opensource@google.com"
| #define PACKAGE "ctemplate"
| #define VERSION "0.8"
| #ifdef __cplusplus
| extern "C" void std::exit (int) throw (); using std::exit;
| #endif
| #define STDC_HEADERS 1
| #define HAVE_SYS_TYPES_H 1
| #define HAVE_SYS_STAT_H 1
| #define HAVE_STDLIB_H 1
| #define HAVE_STRING_H 1
| #define HAVE_MEMORY_H 1
| #define HAVE_STRINGS_H 1
| #define HAVE_INTTYPES_H 1
| #define HAVE_STDINT_H 1
| #define HAVE_UNISTD_H 1
| #define HAVE_DLFCN_H 1
| #define HAVE___ATTRIBUTE__ 1
| #define STDC_HEADERS 1
| #define PRIuS "zu"
| #define PRIxS "zx"
| #define PRIdS "zd"
| #define HAVE_GETOPT_LONG 1
| #define HAVE_U_INT16_T 1
| /* end confdefs.h.  */
| #include <stdio.h>
| #if HAVE_SYS_TYPES_H
| # include <sys/types.h>
| #endif
| #if HAVE_SYS_STAT_H
| # include <sys/stat.h>
| #endif
| #if STDC_HEADERS
| # include <stdlib.h>
| # include <stddef.h>
| #else
| # if HAVE_STDLIB_H
| #  include <stdlib.h>
| # endif
| #endif
| #if HAVE_STRING_H
| # if !STDC_HEADERS && HAVE_MEMORY_H
| #  include <memory.h>
| # endif
| # include <string.h>
| #endif
| #if HAVE_STRINGS_H
| # include <strings.h>
| #endif
| #if HAVE_INTTYPES_H
| # include <inttypes.h>
| #else
| # if HAVE_STDINT_H
| #  include <stdint.h>
| # endif
| #endif
| #if HAVE_UNISTD_H
| # include <unistd.h>
| #endif
| int
| main ()
| {
| if ((__uint16 *) 0)
|   return 0;
| if (sizeof (__uint16))
|   return 0;
|   ;
|   return 0;
| }
configure:19158: result: no
configure:19177: checking for dirent.h that defines DIR
configure:19201: gcc -c -g -O2  conftest.c >&5
configure:19207: $? = 0
configure:19211: test -z 
			 || test ! -s conftest.err
configure:19214: $? = 0
configure:19217: test -s conftest.o
configure:19220: $? = 0
configure:19231: result: yes
configure:19244: checking for library containing opendir
configure:19274: gcc -o conftest -g -O2   conftest.c  >&5
configure:19280: $? = 0
configure:19284: test -z 
			 || test ! -s conftest.err
configure:19287: $? = 0
configure:19290: test -s conftest
configure:19293: $? = 0
configure:19363: result: none required
configure:19694: checking for the pthreads library -lpthreads
configure:19732: gcc -o conftest -g -O2    conftest.c -lpthreads  >&5
/usr/lib64/gcc/x86_64-suse-linux/4.1.2/../../../../x86_64-suse-linux/bin/ld: cannot find -lpthreads
collect2: ld returned 1 exit status
configure:19738: $? = 1
configure: failed program was:
| /* confdefs.h.  */
| 
| #define PACKAGE_NAME "ctemplate"
| #define PACKAGE_TARNAME "ctemplate"
| #define PACKAGE_VERSION "0.8"
| #define PACKAGE_STRING "ctemplate 0.8"
| #define PACKAGE_BUGREPORT "opensource@google.com"
| #define PACKAGE "ctemplate"
| #define VERSION "0.8"
| #ifdef __cplusplus
| extern "C" void std::exit (int) throw (); using std::exit;
| #endif
| #define STDC_HEADERS 1
| #define HAVE_SYS_TYPES_H 1
| #define HAVE_SYS_STAT_H 1
| #define HAVE_STDLIB_H 1
| #define HAVE_STRING_H 1
| #define HAVE_MEMORY_H 1
| #define HAVE_STRINGS_H 1
| #define HAVE_INTTYPES_H 1
| #define HAVE_STDINT_H 1
| #define HAVE_UNISTD_H 1
| #define HAVE_DLFCN_H 1
| #define HAVE___ATTRIBUTE__ 1
| #define STDC_HEADERS 1
| #define PRIuS "zu"
| #define PRIxS "zx"
| #define PRIdS "zd"
| #define HAVE_GETOPT_LONG 1
| #define HAVE_U_INT16_T 1
| #define HAVE_DIRENT_H 1
| /* end confdefs.h.  */
| #include <pthread.h>
| int
| main ()
| {
| pthread_t th; pthread_join(th, 0);
|                      pthread_attr_init(0); pthread_cleanup_push(0, 0);
|                      pthread_create(0,0,0,0); pthread_cleanup_pop(0);
|   ;
|   return 0;
| }
configure:19765: result: no
configure:19641: checking whether pthreads work without any flags
configure:19732: gcc -o conftest -g -O2    conftest.c   >&5
/tmp/ccS1zYQb.o: In function `main':
/home/johnsonzhu/local/src/scff/ctemplate-0.8/conftest.c:37: undefined reference to `pthread_join'
/home/johnsonzhu/local/src/scff/ctemplate-0.8/conftest.c:38: undefined reference to `__pthread_register_cancel'
/home/johnsonzhu/local/src/scff/ctemplate-0.8/conftest.c:39: undefined reference to `pthread_create'
/home/johnsonzhu/local/src/scff/ctemplate-0.8/conftest.c:39: undefined reference to `__pthread_unregister_cancel'
collect2: ld returned 1 exit status
configure:19738: $? = 1
configure: failed program was:
| /* confdefs.h.  */
| 
| #define PACKAGE_NAME "ctemplate"
| #define PACKAGE_TARNAME "ctemplate"
| #define PACKAGE_VERSION "0.8"
| #define PACKAGE_STRING "ctemplate 0.8"
| #define PACKAGE_BUGREPORT "opensource@google.com"
| #define PACKAGE "ctemplate"
| #define VERSION "0.8"
| #ifdef __cplusplus
| extern "C" void std::exit (int) throw (); using std::exit;
| #endif
| #define STDC_HEADERS 1
| #define HAVE_SYS_TYPES_H 1
| #define HAVE_SYS_STAT_H 1
| #define HAVE_STDLIB_H 1
| #define HAVE_STRING_H 1
| #define HAVE_MEMORY_H 1
| #define HAVE_STRINGS_H 1
| #define HAVE_INTTYPES_H 1
| #define HAVE_STDINT_H 1
| #define HAVE_UNISTD_H 1
| #define HAVE_DLFCN_H 1
| #define HAVE___ATTRIBUTE__ 1
| #define STDC_HEADERS 1
| #define PRIuS "zu"
| #define PRIxS "zx"
| #define PRIdS "zd"
| #define HAVE_GETOPT_LONG 1
| #define HAVE_U_INT16_T 1
| #define HAVE_DIRENT_H 1
| /* end confdefs.h.  */
| #include <pthread.h>
| int
| main ()
| {
| pthread_t th; pthread_join(th, 0);
|                      pthread_attr_init(0); pthread_cleanup_push(0, 0);
|                      pthread_create(0,0,0,0); pthread_cleanup_pop(0);
|   ;
|   return 0;
| }
configure:19765: result: no
configure:19646: checking whether pthreads work with -Kthread
configure:19732: gcc -o conftest -g -O2 -Kthread   conftest.c   >&5
gcc: unrecognized option '-Kthread'
/tmp/ccK3txiH.o: In function `main':
/home/johnsonzhu/local/src/scff/ctemplate-0.8/conftest.c:37: undefined reference to `pthread_join'
/home/johnsonzhu/local/src/scff/ctemplate-0.8/conftest.c:38: undefined reference to `__pthread_register_cancel'
/home/johnsonzhu/local/src/scff/ctemplate-0.8/conftest.c:39: undefined reference to `pthread_create'
/home/johnsonzhu/local/src/scff/ctemplate-0.8/conftest.c:39: undefined reference to `__pthread_unregister_cancel'
collect2: ld returned 1 exit status
configure:19738: $? = 1
configure: failed program was:
| /* confdefs.h.  */
| 
| #define PACKAGE_NAME "ctemplate"
| #define PACKAGE_TARNAME "ctemplate"
| #define PACKAGE_VERSION "0.8"
| #define PACKAGE_STRING "ctemplate 0.8"
| #define PACKAGE_BUGREPORT "opensource@google.com"
| #define PACKAGE "ctemplate"
| #define VERSION "0.8"
| #ifdef __cplusplus
| extern "C" void std::exit (int) throw (); using std::exit;
| #endif
| #define STDC_HEADERS 1
| #define HAVE_SYS_TYPES_H 1
| #define HAVE_SYS_STAT_H 1
| #define HAVE_STDLIB_H 1
| #define HAVE_STRING_H 1
| #define HAVE_MEMORY_H 1
| #define HAVE_STRINGS_H 1
| #define HAVE_INTTYPES_H 1
| #define HAVE_STDINT_H 1
| #define HAVE_UNISTD_H 1
| #define HAVE_DLFCN_H 1
| #define HAVE___ATTRIBUTE__ 1
| #define STDC_HEADERS 1
| #define PRIuS "zu"
| #define PRIxS "zx"
| #define PRIdS "zd"
| #define HAVE_GETOPT_LONG 1
| #define HAVE_U_INT16_T 1
| #define HAVE_DIRENT_H 1
| /* end confdefs.h.  */
| #include <pthread.h>
| int
| main ()
| {
| pthread_t th; pthread_join(th, 0);
|                      pthread_attr_init(0); pthread_cleanup_push(0, 0);
|                      pthread_create(0,0,0,0); pthread_cleanup_pop(0);
|   ;
|   return 0;
| }
configure:19765: result: no
configure:19646: checking whether pthreads work with -kthread
configure:19732: gcc -o conftest -g -O2 -kthread   conftest.c   >&5
gcc: unrecognized option '-kthread'
/tmp/cccl9jOd.o: In function `main':
/home/johnsonzhu/local/src/scff/ctemplate-0.8/conftest.c:37: undefined reference to `pthread_join'
/home/johnsonzhu/local/src/scff/ctemplate-0.8/conftest.c:38: undefined reference to `__pthread_register_cancel'
/home/johnsonzhu/local/src/scff/ctemplate-0.8/conftest.c:39: undefined reference to `pthread_create'
/home/johnsonzhu/local/src/scff/ctemplate-0.8/conftest.c:39: undefined reference to `__pthread_unregister_cancel'
collect2: ld returned 1 exit status
configure:19738: $? = 1
configure: failed program was:
| /* confdefs.h.  */
| 
| #define PACKAGE_NAME "ctemplate"
| #define PACKAGE_TARNAME "ctemplate"
| #define PACKAGE_VERSION "0.8"
| #define PACKAGE_STRING "ctemplate 0.8"
| #define PACKAGE_BUGREPORT "opensource@google.com"
| #define PACKAGE "ctemplate"
| #define VERSION "0.8"
| #ifdef __cplusplus
| extern "C" void std::exit (int) throw (); using std::exit;
| #endif
| #define STDC_HEADERS 1
| #define HAVE_SYS_TYPES_H 1
| #define HAVE_SYS_STAT_H 1
| #define HAVE_STDLIB_H 1
| #define HAVE_STRING_H 1
| #define HAVE_MEMORY_H 1
| #define HAVE_STRINGS_H 1
| #define HAVE_INTTYPES_H 1
| #define HAVE_STDINT_H 1
| #define HAVE_UNISTD_H 1
| #define HAVE_DLFCN_H 1
| #define HAVE___ATTRIBUTE__ 1
| #define STDC_HEADERS 1
| #define PRIuS "zu"
| #define PRIxS "zx"
| #define PRIdS "zd"
| #define HAVE_GETOPT_LONG 1
| #define HAVE_U_INT16_T 1
| #define HAVE_DIRENT_H 1
| /* end confdefs.h.  */
| #include <pthread.h>
| int
| main ()
| {
| pthread_t th; pthread_join(th, 0);
|                      pthread_attr_init(0); pthread_cleanup_push(0, 0);
|                      pthread_create(0,0,0,0); pthread_cleanup_pop(0);
|   ;
|   return 0;
| }
configure:19765: result: no
configure:19694: checking for the pthreads library -llthread
configure:19732: gcc -o conftest -g -O2    conftest.c -llthread  >&5
/usr/lib64/gcc/x86_64-suse-linux/4.1.2/../../../../x86_64-suse-linux/bin/ld: cannot find -llthread
collect2: ld returned 1 exit status
configure:19738: $? = 1
configure: failed program was:
| /* confdefs.h.  */
| 
| #define PACKAGE_NAME "ctemplate"
| #define PACKAGE_TARNAME "ctemplate"
| #define PACKAGE_VERSION "0.8"
| #define PACKAGE_STRING "ctemplate 0.8"
| #define PACKAGE_BUGREPORT "opensource@google.com"
| #define PACKAGE "ctemplate"
| #define VERSION "0.8"
| #ifdef __cplusplus
| extern "C" void std::exit (int) throw (); using std::exit;
| #endif
| #define STDC_HEADERS 1
| #define HAVE_SYS_TYPES_H 1
| #define HAVE_SYS_STAT_H 1
| #define HAVE_STDLIB_H 1
| #define HAVE_STRING_H 1
| #define HAVE_MEMORY_H 1
| #define HAVE_STRINGS_H 1
| #define HAVE_INTTYPES_H 1
| #define HAVE_STDINT_H 1
| #define HAVE_UNISTD_H 1
| #define HAVE_DLFCN_H 1
| #define HAVE___ATTRIBUTE__ 1
| #define STDC_HEADERS 1
| #define PRIuS "zu"
| #define PRIxS "zx"
| #define PRIdS "zd"
| #define HAVE_GETOPT_LONG 1
| #define HAVE_U_INT16_T 1
| #define HAVE_DIRENT_H 1
| /* end confdefs.h.  */
| #include <pthread.h>
| int
| main ()
| {
| pthread_t th; pthread_join(th, 0);
|                      pthread_attr_init(0); pthread_cleanup_push(0, 0);
|                      pthread_create(0,0,0,0); pthread_cleanup_pop(0);
|   ;
|   return 0;
| }
configure:19765: result: no
configure:19646: checking whether pthreads work with -pthread
configure:19732: gcc -o conftest -g -O2 -pthread   conftest.c   >&5
configure:19738: $? = 0
configure:19742: test -z 
			 || test ! -s conftest.err
configure:19745: $? = 0
configure:19748: test -s conftest
configure:19751: $? = 0
configure:19765: result: yes
configure:19784: checking for joinable pthread attribute
configure:19804: gcc -o conftest -g -O2 -pthread   conftest.c   >&5
configure:19810: $? = 0
configure:19814: test -z 
			 || test ! -s conftest.err
configure:19817: $? = 0
configure:19820: test -s conftest
configure:19823: $? = 0
configure:19834: result: PTHREAD_CREATE_JOINABLE
configure:19844: checking if more special flags are required for pthreads
configure:19851: result: no
configure:19911: checking whether to check for GCC pthread/shared inconsistencies
configure:19921: result: yes
configure:19947: checking whether -pthread is sufficient with -shared
configure:19967: gcc -o conftest -shared -fPIC -Wl,-z,defs -g -O2 -pthread   conftest.c   >&5
configure:19973: $? = 0
configure:19977: test -z 
			 || test ! -s conftest.err
configure:19980: $? = 0
configure:19983: test -s conftest
configure:19986: $? = 0
configure:19998: result: yes
configure:20178: checking support for pthread_rwlock_* functions
configure:20210: gcc -c -g -O2  conftest.c >&5
configure:20216: $? = 0
configure:20220: test -z 
			 || test ! -s conftest.err
configure:20223: $? = 0
configure:20226: test -s conftest.o
configure:20229: $? = 0
configure:20247: result: yes
configure:20260: checking whether the compiler implements namespaces
configure:20290: g++ -c -g -O2  conftest.cc >&5
configure:20296: $? = 0
configure:20300: test -z 
			 || test ! -s conftest.err
configure:20303: $? = 0
configure:20306: test -s conftest.o
configure:20309: $? = 0
configure:20326: result: yes
configure:20335: checking what namespace STL code is in
configure:20365: g++ -c -g -O2  conftest.cc >&5
conftest.cc: In function 'int main()':
conftest.cc:40: error: 'vector' was not declared in this scope
conftest.cc:40: error: expected primary-expression before 'int'
conftest.cc:40: error: expected `;' before 'int'
configure:20371: $? = 1
configure: failed program was:
| /* confdefs.h.  */
| 
| #define PACKAGE_NAME "ctemplate"
| #define PACKAGE_TARNAME "ctemplate"
| #define PACKAGE_VERSION "0.8"
| #define PACKAGE_STRING "ctemplate 0.8"
| #define PACKAGE_BUGREPORT "opensource@google.com"
| #define PACKAGE "ctemplate"
| #define VERSION "0.8"
| #ifdef __cplusplus
| extern "C" void std::exit (int) throw (); using std::exit;
| #endif
| #define STDC_HEADERS 1
| #define HAVE_SYS_TYPES_H 1
| #define HAVE_SYS_STAT_H 1
| #define HAVE_STDLIB_H 1
| #define HAVE_STRING_H 1
| #define HAVE_MEMORY_H 1
| #define HAVE_STRINGS_H 1
| #define HAVE_INTTYPES_H 1
| #define HAVE_STDINT_H 1
| #define HAVE_UNISTD_H 1
| #define HAVE_DLFCN_H 1
| #define HAVE___ATTRIBUTE__ 1
| #define STDC_HEADERS 1
| #define PRIuS "zu"
| #define PRIxS "zx"
| #define PRIdS "zd"
| #define HAVE_GETOPT_LONG 1
| #define HAVE_U_INT16_T 1
| #define HAVE_DIRENT_H 1
| #define HAVE_PTHREAD 1
| #define HAVE_RWLOCK 1
| #define HAVE_NAMESPACES 1
| /* end confdefs.h.  */
| #include <vector>
| int
| main ()
| {
| vector<int> t; return 0;
|   ;
|   return 0;
| }
configure:20409: g++ -c -g -O2  conftest.cc >&5
configure:20415: $? = 0
configure:20419: test -z 
			 || test ! -s conftest.err
configure:20422: $? = 0
configure:20425: test -s conftest.o
configure:20428: $? = 0
configure:20444: result: std
configure:20501: checking the location of hash_map
configure:20531: g++ -c -g -O2  conftest.cc >&5
configure:20537: $? = 0
configure:20541: test -z 
			 || test ! -s conftest.err
configure:20544: $? = 0
configure:20547: test -s conftest.o
configure:20550: $? = 0
configure:20590: result: <ext/hash_map>
configure:20751: creating ./config.status

## ---------------------- ##
## Running config.status. ##
## ---------------------- ##

This file was extended by ctemplate config.status 0.8, which was
generated by GNU Autoconf 2.59.  Invocation command line was

  CONFIG_FILES    = 
  CONFIG_HEADERS  = 
  CONFIG_LINKS    = 
  CONFIG_COMMANDS = 
  $ ./config.status 

on ISD_222_47_sles10_64

config.status:738: creating Makefile
config.status:738: creating src/google/template_enums.h
config.status:738: creating src/google/template_namelist.h
config.status:738: creating src/google/template.h
config.status:738: creating src/google/template_from_string.h
config.status:738: creating src/google/template_modifiers.h
config.status:738: creating src/google/template_emitter.h
config.status:738: creating src/google/template_dictionary.h
config.status:738: creating src/google/template_pathops.h
config.status:842: creating src/config.h
config.status:999: src/config.h is unchanged
config.status:1179: executing depfiles commands

## ---------------- ##
## Cache variables. ##
## ---------------- ##

ac_cv___attribute__=yes
ac_cv_build=x86_64-unknown-linux-gnu
ac_cv_build_alias=x86_64-unknown-linux-gnu
ac_cv_c_compiler_gnu=yes
ac_cv_cxx_compiler_gnu=yes
ac_cv_cxx_hash_map='<ext/hash_map>'
ac_cv_cxx_hash_namespace=__gnu_cxx
ac_cv_cxx_hash_set='<ext/hash_set>'
ac_cv_cxx_namespaces=yes
ac_cv_cxx_stl_namespace=std
ac_cv_env_CC_set=
ac_cv_env_CC_value=
ac_cv_env_CFLAGS_set=
ac_cv_env_CFLAGS_value=
ac_cv_env_CPPFLAGS_set=
ac_cv_env_CPPFLAGS_value=
ac_cv_env_CPP_set=
ac_cv_env_CPP_value=
ac_cv_env_CXXCPP_set=
ac_cv_env_CXXCPP_value=
ac_cv_env_CXXFLAGS_set=
ac_cv_env_CXXFLAGS_value=
ac_cv_env_CXX_set=
ac_cv_env_CXX_value=
ac_cv_env_F77_set=
ac_cv_env_F77_value=
ac_cv_env_FFLAGS_set=
ac_cv_env_FFLAGS_value=
ac_cv_env_LDFLAGS_set=
ac_cv_env_LDFLAGS_value=
ac_cv_env_build_alias_set=
ac_cv_env_build_alias_value=
ac_cv_env_host_alias_set=
ac_cv_env_host_alias_value=
ac_cv_env_target_alias_set=
ac_cv_env_target_alias_value=
ac_cv_exeext=
ac_cv_f77_compiler_gnu=yes
ac_cv_formatting_prius_prefix=z
ac_cv_func_getopt_long=yes
ac_cv_header_dirent_dirent_h=yes
ac_cv_header_dlfcn_h=yes
ac_cv_header_inttypes_h=yes
ac_cv_header_memory_h=yes
ac_cv_header_stdc=yes
ac_cv_header_stdint_h=yes
ac_cv_header_stdlib_h=yes
ac_cv_header_string_h=yes
ac_cv_header_strings_h=yes
ac_cv_header_sys_stat_h=yes
ac_cv_header_sys_types_h=yes
ac_cv_header_unistd_h=yes
ac_cv_host=x86_64-unknown-linux-gnu
ac_cv_host_alias=x86_64-unknown-linux-gnu
ac_cv_objext=o
ac_cv_path_install='/usr/bin/install -c'
ac_cv_prius_defined=1
ac_cv_prog_AWK=gawk
ac_cv_prog_CPP='gcc -E'
ac_cv_prog_CXXCPP='g++ -E'
ac_cv_prog_ac_ct_AR=ar
ac_cv_prog_ac_ct_CC=gcc
ac_cv_prog_ac_ct_CXX=g++
ac_cv_prog_ac_ct_F77=gfortran
ac_cv_prog_ac_ct_RANLIB=ranlib
ac_cv_prog_ac_ct_STRIP=strip
ac_cv_prog_cc_g=yes
ac_cv_prog_cc_stdc=
ac_cv_prog_cxx_g=yes
ac_cv_prog_egrep='grep -E'
ac_cv_prog_f77_g=yes
ac_cv_prog_make_make_set=yes
ac_cv_search_opendir='none required'
ac_cv_type___uint16=no
ac_cv_type_u_int16_t=yes
am_cv_CC_dependencies_compiler_type=gcc3
am_cv_CXX_dependencies_compiler_type=gcc3
lt_cv_deplibs_check_method=pass_all
lt_cv_file_magic_cmd='$MAGIC_CMD'
lt_cv_file_magic_test_file=
lt_cv_ld_reload_flag=-r
lt_cv_objdir=.libs
lt_cv_path_LD=/usr/x86_64-suse-linux/bin/ld
lt_cv_path_LDCXX='/usr/x86_64-suse-linux/bin/ld -m elf_x86_64'
lt_cv_path_NM='/usr/bin/nm -B'
lt_cv_path_SED=/usr/bin/sed
lt_cv_prog_compiler_c_o=yes
lt_cv_prog_compiler_c_o_CXX=yes
lt_cv_prog_compiler_c_o_F77=yes
lt_cv_prog_compiler_rtti_exceptions=no
lt_cv_prog_gnu_ld=yes
lt_cv_prog_gnu_ldcxx=yes
lt_cv_sys_global_symbol_pipe='sed -n -e '\''s/^.*[ 	]\([ABCDGIRSTW][ABCDGIRSTW]*\)[ 	][ 	]*\([_A-Za-z][_A-Za-z0-9]*\)$/\1 \2 \2/p'\'''
lt_cv_sys_global_symbol_to_c_name_address='sed -n -e '\''s/^: \([^ ]*\) $/  {\"\1\", (lt_ptr) 0},/p'\'' -e '\''s/^[BCDEGRST] \([^ ]*\) \([^ ]*\)$/  {"\2", (lt_ptr) \&\2},/p'\'''
lt_cv_sys_global_symbol_to_cdecl='sed -n -e '\''s/^. .* \(.*\)$/extern int \1;/p'\'''
lt_cv_sys_max_cmd_len=32768
lt_lt_cv_prog_compiler_c_o='"yes"'
lt_lt_cv_prog_compiler_c_o_CXX='"yes"'
lt_lt_cv_prog_compiler_c_o_F77='"yes"'
lt_lt_cv_sys_global_symbol_pipe='"sed -n -e '\''s/^.*[ 	]\\([ABCDGIRSTW][ABCDGIRSTW]*\\)[ 	][ 	]*\\([_A-Za-z][_A-Za-z0-9]*\\)\$/\\1 \\2 \\2/p'\''"'
lt_lt_cv_sys_global_symbol_to_c_name_address='"sed -n -e '\''s/^: \\([^ ]*\\) \$/  {\\\"\\1\\\", (lt_ptr) 0},/p'\'' -e '\''s/^[BCDEGRST] \\([^ ]*\\) \\([^ ]*\\)\$/  {\"\\2\", (lt_ptr) \\&\\2},/p'\''"'
lt_lt_cv_sys_global_symbol_to_cdecl='"sed -n -e '\''s/^. .* \\(.*\\)\$/extern int \\1;/p'\''"'

## ----------------- ##
## Output variables. ##
## ----------------- ##

ACLOCAL='${SHELL} /home/johnsonzhu/local/src/scff/ctemplate-0.8/missing --run aclocal-1.9'
AMDEPBACKSLASH='\'
AMDEP_FALSE='#'
AMDEP_TRUE=''
AMTAR='${SHELL} /home/johnsonzhu/local/src/scff/ctemplate-0.8/missing --run tar'
AR='ar'
AUTOCONF='${SHELL} /home/johnsonzhu/local/src/scff/ctemplate-0.8/missing --run autoconf'
AUTOHEADER='${SHELL} /home/johnsonzhu/local/src/scff/ctemplate-0.8/missing --run autoheader'
AUTOMAKE='${SHELL} /home/johnsonzhu/local/src/scff/ctemplate-0.8/missing --run automake-1.9'
AWK='gawk'
CC='gcc'
CCDEPMODE='depmode=gcc3'
CFLAGS='-g -O2'
CPP='gcc -E'
CPPFLAGS=''
CXX='g++'
CXXCPP='g++ -E'
CXXDEPMODE='depmode=gcc3'
CXXFLAGS='-g -O2'
CYGPATH_W='echo'
DEFS='-DHAVE_CONFIG_H'
DEPDIR='.deps'
ECHO='echo'
ECHO_C=''
ECHO_N='-n'
ECHO_T=''
EGREP='grep -E'
EXEEXT=''
F77='gfortran'
FFLAGS='-g -O2'
GCC_FALSE='#'
GCC_TRUE=''
INSTALL_DATA='${INSTALL} -m 644'
INSTALL_PROGRAM='${INSTALL}'
INSTALL_SCRIPT='${INSTALL}'
INSTALL_STRIP_PROGRAM='${SHELL} $(install_sh) -c -s'
LDFLAGS=''
LIBOBJS=''
LIBS=''
LIBTOOL='$(SHELL) $(top_builddir)/libtool'
LIBTOOL_DEPS='./ltmain.sh'
LN_S='ln -s'
LTLIBOBJS=''
MAKEINFO='${SHELL} /home/johnsonzhu/local/src/scff/ctemplate-0.8/missing --run makeinfo'
OBJEXT='o'
PACKAGE='ctemplate'
PACKAGE_BUGREPORT='opensource@google.com'
PACKAGE_NAME='ctemplate'
PACKAGE_STRING='ctemplate 0.8'
PACKAGE_TARNAME='ctemplate'
PACKAGE_VERSION='0.8'
PATH_SEPARATOR=':'
PTHREAD_CC='gcc'
PTHREAD_CFLAGS='-pthread'
PTHREAD_LIBS=''
RANLIB='ranlib'
SET_MAKE=''
SHELL='/bin/sh'
STRIP='strip'
VERSION='0.8'
ac_ct_AR='ar'
ac_ct_CC='gcc'
ac_ct_CXX='g++'
ac_ct_F77='gfortran'
ac_ct_RANLIB='ranlib'
ac_ct_STRIP='strip'
ac_cv_cxx_hash_map='<ext/hash_map>'
ac_cv_cxx_hash_namespace='__gnu_cxx'
ac_cv_cxx_hash_set='<ext/hash_set>'
ac_google_attribute='1'
ac_google_end_namespace='}'
ac_google_namespace='google'
ac_google_start_namespace='namespace google {'
ac_windows_dllexport=''
ac_windows_dllexport_defines=''
acx_pthread_config=''
am__fastdepCC_FALSE='#'
am__fastdepCC_TRUE=''
am__fastdepCXX_FALSE='#'
am__fastdepCXX_TRUE=''
am__include='include'
am__leading_dot='.'
am__quote=''
am__tar='${AMTAR} chof - "$$tardir"'
am__untar='${AMTAR} xf -'
bindir='${exec_prefix}/bin'
build='x86_64-unknown-linux-gnu'
build_alias=''
build_cpu='x86_64'
build_os='linux-gnu'
build_vendor='unknown'
datadir='${prefix}/share'
exec_prefix='${prefix}'
host='x86_64-unknown-linux-gnu'
host_alias=''
host_cpu='x86_64'
host_os='linux-gnu'
host_vendor='unknown'
includedir='${prefix}/include'
infodir='${prefix}/info'
install_sh='/home/johnsonzhu/local/src/scff/ctemplate-0.8/install-sh'
libdir='${exec_prefix}/lib'
libexecdir='${exec_prefix}/libexec'
localstatedir='${prefix}/var'
mandir='${prefix}/man'
mkdir_p='mkdir -p --'
oldincludedir='/usr/include'
prefix='/home/johnsonzhu/local/ctemplate.0.88'
program_transform_name='s,x,x,'
sbindir='${exec_prefix}/sbin'
sharedstatedir='${prefix}/com'
sysconfdir='${prefix}/etc'
target_alias=''

## ----------- ##
## confdefs.h. ##
## ----------- ##

#define GOOGLE_NAMESPACE google
#define HASH_MAP_H <ext/hash_map>
#define HASH_NAMESPACE __gnu_cxx
#define HASH_SET_H <ext/hash_set>
#define HAVE_DIRENT_H 1
#define HAVE_DLFCN_H 1
#define HAVE_GETOPT_LONG 1
#define HAVE_HASH_MAP 1
#define HAVE_HASH_SET 1
#define HAVE_INTTYPES_H 1
#define HAVE_MEMORY_H 1
#define HAVE_NAMESPACES 1
#define HAVE_PTHREAD 1
#define HAVE_RWLOCK 1
#define HAVE_STDINT_H 1
#define HAVE_STDLIB_H 1
#define HAVE_STRINGS_H 1
#define HAVE_STRING_H 1
#define HAVE_SYS_STAT_H 1
#define HAVE_SYS_TYPES_H 1
#define HAVE_UNISTD_H 1
#define HAVE_U_INT16_T 1
#define HAVE___ATTRIBUTE__ 1
#define PACKAGE "ctemplate"
#define PACKAGE_BUGREPORT "opensource@google.com"
#define PACKAGE_NAME "ctemplate"
#define PACKAGE_STRING "ctemplate 0.8"
#define PACKAGE_TARNAME "ctemplate"
#define PACKAGE_VERSION "0.8"
#define PRIdS "zd"
#define PRIuS "zu"
#define PRIxS "zx"
#define STDC_HEADERS 1
#define STDC_HEADERS 1
#define STL_NAMESPACE std
#define VERSION "0.8"
#define _END_GOOGLE_NAMESPACE_ }
#define _START_GOOGLE_NAMESPACE_ namespace google {
#endif
#ifdef __cplusplus
extern "C" void std::exit (int) throw (); using std::exit;

configure: exit 0
